<?xml version="1.0" encoding="UTF-8"?>
<!-- Generated by org.testng.reporters.JUnitReportReporter -->
<testsuite hostname="VIJAY" failures="0" tests="1" name="runner.Cart" time="0.220" errors="1" timestamp="2024-02-21T08:29:24 IST" skipped="0">
  <testcase classname="runner.Cart" name="runScenario" time="0.220">
    <error message="TODO: implement me" type="io.cucumber.java.PendingException">
      <![CDATA[io.cucumber.java.PendingException: TODO: implement me
at steps.AddToCart.i_can_see_my_items(AddToCart.java:26)
at ✽.I can see my items(file:///C:/Users/vijay/eclipse-workspace/BDDCucumberBasics/src/test/resources/appfeatures/AddToCart.feature:6)
]]>
    </error>
  </testcase> <!-- runScenario -->
  <system-out/>
</testsuite> <!-- runner.Cart -->
